<?xml version="1.0" encoding="UTF-8"?>
<!-- Generated by org.testng.reporters.JUnitReportReporter -->
<testsuite hostname="PC-02" name="org.testng.Tests.HomePage" tests="1" failures="0" timestamp="7 Oct 2015 12:29:16 GMT" time="7.353" errors="0">
  <testcase name="enterSearch" time="7.353" classname="org.testng.Tests.HomePage"/>
</testsuite> <!-- org.testng.Tests.HomePage -->
