<?xml version="1.0" encoding="UTF-8"?>
<!-- Generated by org.testng.reporters.JUnitReportReporter -->
<testsuite hostname="PC-02" name="org.testng.Tests.VerifySearch" tests="2" failures="0" timestamp="8 Sep 2015 10:39:43 GMT" time="1.329" errors="0">
  <testcase name="verifySearch" time="1.178" classname="org.testng.Tests.VerifySearch"/>
  <testcase name="enterSearch" time="0.151" classname="org.testng.Tests.VerifySearch"/>
</testsuite> <!-- org.testng.Tests.VerifySearch -->
