<?xml version="1.0" encoding="UTF-8"?>
<!-- Generated by org.testng.reporters.JUnitReportReporter -->
<testsuite hostname="PC-02" name="org.testng.Tests.HomePage" tests="1" failures="0" timestamp="8 Sep 2015 10:39:43 GMT" time="0.154" errors="0">
  <testcase name="enterSearch" time="0.154" classname="org.testng.Tests.HomePage"/>
</testsuite> <!-- org.testng.Tests.HomePage -->
